bc1pk7dw97tnu3ez48wchkyu8vq3gfzlyfg9gjf7qz6ft3ac6s6r79hqwevcj0,direct
bc1pqdwemyrrltzrvl7jwv4d775ztc4sx6fvs2xe5cr0t9j2epxadx3sj8venz,direct
bc1p0vxu8zdz9kamd7dg49gv5hkn8az3dmzk9j6rhdk5pp8wmta2mh4sshuzc5,direct
bc1pefhwtupy4nl9a0cn0c9knyqe5jxwcj2p2646d406lejxllygj3wqtg5j9e,direct
bc1py8mrm25n83jjwv3u5jfrf7akualxzm0u8hh7v6d0e0n6g2m5ah3q9vtqq4,direct
bc1pwepaea4txdn3xdvrtc86d6kpy68rp5c4tnu26kcn59crslg5mn8sfumt8y,batch
bc1pfvccquzmm4e9umc6yc7wseqrnzmwaf5aejwmmc60d3xc7jmm49qqxtg5zm,batch
bc1pl83m4qv9wcgq2hkmfdmdlh0e0wev5jvmhvgnhpwzy8e699uctwasmafqcp,batch
bc1p3gydw5h3ewcvfkmez3rjdx3ghpxyflxay9hhr6405r6py54984lqwnnnl3,batch
bc1p6enaqskw725gx5dma2uep7urkpk3qrmmtsgxc9k4ckzfqdqx4jwqjcvdp4,direct
bc1pswp542vn800ezmtsqp3x4qg9034efx7jxwy7lky4dtya084lkm8sw986hm,batch
bc1pcmev5lwcv9yq3c898xeemxcwr4ky0ml5yg2kcsg9h23zmgtcc7xs7n9h97,batch
bc1pnakqx09d36z3skxncdex7n6490wspppp9sst6yxlkt49dw0gsvcsmglky4,batch
bc1pkuvl0mugevm2z7rd86fwllnyuf98enqfqwful8gf4xl2axkrsuwspzs2pa,batch
bc1p6st7hp32w48mnfvlqcqlkv9nr6nvjlal2k6e4r48vwg7xrehdqes7rakl5,batch
bc1pc93gvc892yujrt4rtpzmu44v8cmck80z46hcmp2g4zsq3flanxkq5ajxsn,batch
bc1p6a4p9fmynnztnmg70m7r9xketm8nz7mxwth4nqpjx4t8wjhhegrqfgf2wm,batch
bc1pcshu6932zypnvj5ldwrn0fmmupu3uwfdnzjmruqrf6890n6xjwxq7uzw9n,batch
bc1pxj079h9x5gqa7wlkp70rd3zkjgv3fd2z8z5eegqp4ll8maqxutpsmwxkad,batch
bc1p5cneeegvec9rudn824gs6ykkyutx5x7khkv92x56lrf4pfz5uwlsye8lrc,batch
bc1pumxt50s2a628syx5w5rjqjnqsnkaspxp7wgjz5ph424rgfdx4y5qz3uf5x,batch
bc1pscq78gv6h6vpzdp23pek6jfsmp0jrwzpyx0lfj34l237zkm0xcdqewv5ea,batch
bc1pha24844l5v5tz58ww7ndqjk4zfjrzaere2pf5c5dzu0vdjyxvr7qwnajc6,batch
bc1p8czzgwhk8rjs394kz44pclj9zc4zmwy48q3z6r9xcr8v4nhz3jjsc88uzq,batch
bc1ph3d9rmaxxu0h5tjl55dhr0thjt4lv5yumsfyanpjwslvyhnz3dcqefdmav,batch
bc1pucq8nsakl90x63z8cq5cxps5c2vc5myyyj898hrt6rshn8qy8fus29dsgp,batch
bc1ph7hkzqe24akzzercke488dqmkerp275addtm7hsgngzu5aqz8efsmvggty,batch
bc1paln88yxxlyy4hxmc0j20v2e04cyg5jg2uvzrh5tqect7efweskrske0j5d,batch
bc1pxghlwe2uh4cgda2k7z8y7zgchnnmtdexnhd5fnfsjq2njndp3hsqkwfk2t,batch
bc1pakdqtevtu2sdjef5lmdq638ke3um3u4456jggra97r52rna5ufms5ta44u,batch
bc1pcfh9s9xp3hxla7he7rht66rjlwum4jqswqx5nhzve5mu4trgkqqq7z7qyp,batch
bc1pxdq2enf640hnpyk0v5ezrtjjqwf743wwsgs3ch6yvpry7dtdhcwq98yj0x,batch
bc1p56f4w3hrwdvzw6xmsj0643huhjmul3p5udqlk0nhdpgyspu70tds5l4c0m,batch
bc1pgt33d3y8hvacm52du9tzgg3y3yltdp7jg3jt6ad9946hm3t9aglqhnha9p,batch
bc1pa89t74e289ku097wxuq2rgrwga445z8myqj6x6c08gc5r97kry9sn258fy,batch
bc1p9g5u68utzunqhj9l6yh69jrukq4vpvl6yccxfe525zwj7w5agkjszj0l0h,batch
bc1p0f44me8cnazxes40uprf9euvmmfxf6cupywtshfctgn2nxn2lw5s6qxf90,batch
bc1phns0z2em6jvktx00lyahfxuqnmdpchg8lgvt8tfksnkac3rxaa4s4mu8tu,batch
bc1phwxeyxszahp4mz7083ctk06l59szmcgvuwgahkwn8sjqnjqdte0q9uunuj,batch
bc1pftr3l8jhf7axmljuqnpqgf7crke7k5uqpwfrzgfz3qx6fuaqs7nqex40hx,batch
bc1pw304c5869pfln2rflvzy9h8n7ezlqzjfsepuuljah7ax0cn650aq8jxdvx,batch
bc1p4lqyfkvnnxgeulhr6rfl98306k8te4pc4cqqcnamldqyxmeu0nlqgrtc2u,batch
bc1p2v05cq2k0ngefql6evlhhk89z2dv509953w0guk853mjk9960jas9f542x,batch
bc1p5a6a8hyvps2rn705psynv7e5p3tpvhssrca3f5ca3wheatmkw94ql2vc0e,batch
bc1pvvx334gfk6wzxpl2eqm3r254pl7va652jj5jla8wsf3slq5u932stcehqq,batch
bc1pjxfefe7zwyn5kukh00u375dgys45r76jr0ngf379x874tvj48f4s87vwhz,batch
bc1pjhmx27ndj8kty39gpgc95fqzrvqxhkjwvvqwez9x4l8v83q40f5q8l0fs0,batch
bc1p2xuu3luq3guuuc0ssdraczz0h36msusn92yjkw0xmyyl929s5p9q7tdaay,batch
bc1pwnfwymdt9zq8ltdjngexhph69f3vnuytgm5mnwhx9w4hfg3w6aeq40vt9u,batch
bc1pca6vt3sc7n9nrhkekt7lfpppg69us98fndxjurh8urq5k2z594kqslh4xw,batch
bc1pl5xz46at5lcjahem9mct3g4r4lk3mnpqsaapgn8z9265lrwuetyqps50yc,batch
bc1pnqyldal9wlfq256an4k38spjvxwlweyf9l6mn243h2d9dwch76ss5ldu9t,batch
bc1pjr4pm2hrr4j50d9phu47l5stux0wgy5j2es09lafsek3hypyn7ws0vgfs5,batch
bc1pqj66jdsyzfnqwzsy5csy387y8j7pmj2sayfpfcdvg6gx3d4qmk6quhjvhe,batch
bc1pjccsh7xz86f35d86ph4cn7q2t0328s5hh7err93yt2a9t0hjzd5skenhnu,batch
bc1p0ly73zhcjkw08nkuydzjwf3ctcndy93g8u4g3mv3m7ckc5crwfysejkur7,batch
bc1px33wrnyfw3cdgah046fg9jk35j3fyukda3mdxehe9h3l54akepsqlp40ru,batch
bc1phkuggfzlw8cjhswjt7grd703qp8c6ju8sk2gxf7w7grcdnsw44psnn4cmv,batch
bc1pqtqz4wyfmdsx2h54msf4afwmmd44sdf8r6ngvzvgaw5kwdkpscms5x6zfs,batch
bc1plkyvdyu5lwe8r7vlzlv8fqla0szr494frj2u4fn33kjp9hfpeg2sy6ekh9,batch
bc1p44u3nk49acu2ggcyxnw49qulyk7qjfw0kmkgwpjhswa0suaxcvrs3elwwt,batch
bc1p2c3xwsy3hjkzflunxhc89gcf7x6sg8uu3kfxn4lcatx775mx22xq85ycsy,batch
bc1pl50vph73jm0rs36mz4fdnytylj37fgwczgr307803lq3ranql74q6tsa66,batch
bc1pj6tl2gqj6g830xnnrcyvsyr3arn92gwzymcj74mkgddhtdc03mfsp4dmsm,batch
bc1psmpa9xk00s78tsupjzu7gnm9exdtmwq4pu40q32ny7gyk84c9qzqhte6ey,batch
bc1pd0k8yx0my6m2hplmn5gfqudj9tusptmfxnqnyut3ddc646jusphqkh4ts8,batch
bc1p2drls6x3hmgf0hxmse2aw8att5c75l7gayxmzgzcfjfufv3r049sgp58mm,batch
bc1p4frgyz33wu37adjc6ckpqgqtex02fdr2vn0ay03uf9c0q2w027ssnsu858,batch
bc1p86cea9cy2c92tfegx9qx44arddknlq4ecymjhq9kkf6fgncd85ls638fc8,batch
bc1p7vuzknlcllqmhypk34yedn7falj0g5dwzz2hr975rfxejeega4ysww2ch9,batch
bc1pkpq9tpxsxyh74cvfme20mrqlns9dant4hlqxsmsknj48qtpz9vpq274uys,batch
bc1pm8wd2vxdz0gpzp5txxkmlzrat8mct4ymf9r289ryccg773k2m4uq4gfmfk,batch
bc1pprg8nlvca9w2q8m5w9j6628s7nxlmc2pmwfzd0exgehfkf029dhqw28t4c,batch
bc1p4h5yrkq5hjh4xxy07rw3txynf7frl3zxuf56h38hpv55frhgas7sydg2mh,batch
bc1psgmfegy709334syk5yp3eyvmd3sqn7hycumrd2mt60pern94ca7s7heqec,batch
bc1pj87exemnm6r7mhph537phcle4n5k0g3fca0sz9xls99qtmf8kf9q5ee8vx,batch
bc1pftl6r6083vjvmsd74q4hrzngf6kmx89ze22cjefn95svlwu63psql7ckze,batch
bc1pznfaw0lpd6fres7e6030kt6h5y5s2aa9plnng4vl2m4jqearxtsq383qu9,batch
bc1phvgw4ep7r4ressr9m4d0v5r07798da0206xqshcrd2c735hatksqdc62sz,batch
bc1psymksxzh4wlx9e46p2hat9gau4zdm3g0ly4jjkdd8uux02f5j0vsam9p03,batch
bc1p55t8c9j33fpvqzsa64240jek2pxxw76zefcg0aassxd4498h6z6qa8ptzk,batch
bc1pz4hsf2v2wzznq4vxeltaltcqrl3d0ep284gt9gatxvkqdg5hdxwsll36y9,batch
bc1pdcg0kxujns3vr7mkrzmufwlpvnqm7hhh3xgqvcajfgau3daxhk0se7d2c0,batch
bc1p2lv0h9w9t5tr3x609qgfs6exlehd5jwxma4vpm4py65j3kx9340sxl8erj,batch
bc1pu52xwxmhq5frvvax9psyc6ksxa4nzrrgl8zc7j7x846yeul8cu3s5hxhfu,batch
bc1pmq3jk9tu9fw6l7mf3s8q4w5gmqdjrp2memygtu6kcvzrg35znvmquayju2,batch
bc1pgjtdx7caylwx7slu8yg4fx75a8gnn86xvnj9fh7tccug0uml6ehq9ydqvl,batch
bc1pwcpazv5cm7x2nz9frah7f2d7vgn87wkps64zq0zhlaq8vx6qqcjsy4sylm,batch
bc1psjsxudskuxsh2jtngsx9r37sj0ghx80yl268s2lvjy8hzq7apu6q2cg34s,batch
bc1psprv76uwuacsjjls7en4yz7auddtw0kk79z5jup0m0q96uvlct0s0h990v,batch
bc1ppppey4acy0f78zzhvm2uz79qg5mxng9ususd068f5ladnna67d7q2dt33n,batch
bc1ptp5nflxa5pr2trcpkejmsl8wylfxpfah4855drykk9xanu06p0vsm920pg,batch
bc1pmmz00z28l6d8ldnluph7ehq6gjl20depa9q3yp79a0v32hqj7cjqf5l7l3,batch
bc1p66nn268jdxmfztcrkgd9pxslggufcjuxkrg99fvpgwdg786fxh0s2vvwwy,batch
bc1pucjdzp4pw7lhq76rpqsrq9dmp4mshd9ennkp9hps40ez2u3c40usg40hmw,batch
bc1p094vacee3ezs626qepfluduta5sgrmvelzvg5rkawkhsd0rqwrpsq8qly9,batch
bc1psc73dsg5q40mvmmvjfn3edspgevy2a4hnfvvu4l60842yh6mrh0s0jrc6q,batch
bc1pvfrfvryrdv6safwsqvsrpfgdknetuel7zgjmyhla869d948dfkjsesmlm9,batch
bc1pwezqcfauas83twy4rdn7wft0s8uzjexr4lfgfa2npgxsskygut8qfvlrms,batch
bc1pyjnhh44ugvgjtlu8cndzdyr0kuravmnnysajc9ydwy9l8ey9mwaqa0nd8r,batch
bc1pvvxay4nak8a8n4wrguwwxqddyzgsuc4ltvd9cf8ugaf9v77affrs4edl85,batch
bc1p4taurgc8u95as3nlhdpkz3pq3wtudwgytxhqkm5eu5lxh3w3gg2q5aalcc,batch
bc1pl6e5kezh66gxk2yx0k42dr5xdulz9yrthqtpvrrykk6p3f0lkc3qlfyuek,batch
bc1pnxjk35ndfj4gv670kr5crq90sgayhchq5dasy445ew928dhy334s9p2g5n,batch
bc1pg0lygff06kc02hvf8cc26r4zmzq308lq2n25eazlvettavegg2xq78yxu5,batch
bc1p2gyun76j5lh63gxl9gcq9mcaqwuehse9qvvmnpt5d4cevume425qtts90l,batch
bc1pwp0we270rklwsq4vqmdzcvp67kvc4g8tunw3h60u75kxupx95hjqpne2q9,batch
bc1petvpnajpu97eldggfhfcaxth7ljq3300hy6xajdaa9gapulwsyes3hd0k4,batch
bc1pcnlptln362t639ep222xnzwmekpemmrgtvp7678dnwh504tf69eqfdwnfx,batch
bc1pmxtgaaeeg3x3r6ymcjtsamxc4389xmv64l4ll6vrwrppqr3hua7shkvye0,batch
bc1p04kcuqr0zr69zjxmn5jgjwsy6zcxs9rgu3gq4nmvu67n4wmxrpts3nxwn8,batch
bc1pya3vmmcwfzfvfw0hpknj5hyags9zlpegsn2kmwvhv742c640zzdsddnymz,batch
bc1pwynkl6ue229r03ls942jymureyetvjwrncdmrd92cygzjtc7mqjs0swazt,batch
bc1pnnpkq6yc8dxa9vkld9rva04rhz2p29hsjhdur3xr27knlh9kdw0qc47fxt,batch
bc1pagk04t6cnksfrc6hjq59xkgle0f45q0wrdl9fcfrzn2shs043z5sv6yttc,batch
bc1pgyse6w38r4ra8rhgzays3gcpc8yest2fdhrez4twuz0tx40d587qlwumrq,batch
bc1p8slgrqemn5phyca6f2fuzukr7v232c8g603waclp7je9nkgcptgsnfm9th,batch
bc1p56w4xt03aq3newhxgcu8tv228vvvypg5cuc3z0x9m52hjnmwhnmqc24kmk,batch
bc1pns6tjghvx9xd0e089y8xeujh9chs70cdslqqkq8sw5gx0rgzkt9q40a2p8,batch
bc1pwdyfql0d2xlc45uqw6u96gyzmqama5pq946qmswlqj3k8g5nt4ustwaye4,batch
bc1p6jhjr73pexhw9u9dkzmzx2c30m8rtan3s5vukszfqqqw22zr00eq8qy47q,batch
bc1p3d8q7agr0n35z327gmxp3f23al68ecxznv53k703h3fzawx7r4tsn6ex06,batch
bc1p4pt7hgf64y06a9fjcx36lqvvsdp6de6daeexpvtjd7ahdm36mt9qzawnmt,batch
bc1pk04ppzqk6tp4psrpz4kg3fdqf4v8zpult2hhej4wkrm3ze7clarqryrv2j,batch
bc1pce9n64qklztjx8knjuwp5ae4zrls6lvkhqk2a598x9usln4fqpssq8ph20,batch
bc1pmrw3yd88vcjmuszng0w6z2k353ge7tvhsc3gd2zkyf3tlumq0uws35glev,batch
bc1p5w765cft0q3qx03dz5ghpnz0ehr6cjuxg8xxruzcg5ex8p5759fscd4uk6,batch
bc1p6n96arfrlvsukj30j7hqptvg07vz30e5gn4lzrrmaqv5uyngdyrqt28xuh,batch
bc1pfs5j692ne5vrvprszrfep74sfr98pdjsw0dc0m0yph7zh4z9he3qa8jtqv,batch
bc1peru0xxc595qmmkwysvwytlk3vf6yjdppgqsg4ev8v87whm990k3sn0krlv,batch
bc1pncppeujs67cc2z769279zzaxtgh3llg0zxz9fyjs49duzgnlwwkqdvgu6n,batch
bc1puvapdqs870hf8xyu3asvughffxggs72fedrnwcxzqq3j47jr5rtqly7yc9,batch
bc1p3936zsev3v3xxp9u333uqcvxcmf9fq3jevgkycyaw0m50m73zdaq6mxde9,batch
bc1p5xuqeq7sdv5ce6dpgxxea3sk7p4rk8ksqnz8y6dvu5uhen6cvryqtsd2j8,batch
bc1p4u9pjw4gur69uhhkz36ll9qlnuqw90ar0jxpfn43u9j0rs0fevsq6nknzk,batch
bc1p54llf9v3kyja28xam90ksvux7a0uv9fhz553z82ngqkksc6gep0sxqwylz,batch
bc1pklnxvgxvjmsk93gfvdcn2smz6x229rr8kcqk5m0j884wkkm8m5ls8rlevy,batch
bc1p04y6uye4x0exfentvka8tq564rhpmftngxynty6434gy5vlgt94q2k3jl4,batch
bc1p353yf3zw0r3cnm29zen772c4rkp47hz48vsr6u73nlhtqd8e0f8sl02vp0,batch
bc1p8t7dlhv68e3zkh8463lvfy29fucav6vm7yn7vsh88hfw78jguswst77a52,batch
bc1pv4hkzxx92z4rq5xjla3k0ug67vcz3t3xfmg99ev3fc7ne9jc34yq9wlf6k,batch
bc1p89kehaqsj3r2wn73zeyq87vl3y5k3khrrgql6my4y7p2xs8kht9sj5qzng,batch
bc1pfpzurugg9adrgy6aqf4qhq4vdq7jqvm7fp4j2rq7twgn40zxxyes2a4h7a,batch
bc1puutx0ulsd9ggh0xcw6ard80srujxh56szhpw7d4el6qt7znlh9zs6w9lmm,batch
bc1pmflt47l5d3uhua9y7srsfwdps2ncrwluvheamjyyevk62dxwreyqw28yu0,batch
bc1py2gq6plhkfc5ucqf6akffm7ufttv30y0jngj9l3sv34yey56r64s24lct6,batch
bc1pxcufpqkc6q6qs0jzuwhmjg65zglx79t9qyez7s9pnaynv9ms4svq6xaz35,batch
bc1p08u8zdn8xkwehf93cxmtp72yawwjcrr8pvv9qtrld4jymcpt8mdqjtgu62,batch
bc1pxnpghugaqtc7rfmfj9emet6empvmgtg43ew7x0nkhcjlec9mvqes943jj7,batch
bc1pttthuex0ad4ufafgxpzlelfj55s33782u6cvl9kkjcnd94nnhsjsfwv5v7,batch
bc1p3m99wsg7z6a2h72qtcak8s8n6lky3ppext9m7z0fv0neez7q7f4scttyk3,batch
bc1pq7s0v5e4vue84pnclhwyk9demnpdk6yhswt0ew9hye5djng4avnslywqcd,batch
bc1pntfg6xurufgja5jgdyu7f05zepu74wy39mc4vmf2wqwacca9eu8q0ncdtt,batch
bc1pqfarre7rv4q7jhsftakhgnq0gk2re6xadcz2zqtsn4wh9as7gheqj7pn9v,batch
bc1plpde3fzyu59739kdjytu4madt6hss5ujuj0ee3y90m9pnd3mcrdsq396zg,batch
bc1pgs6uedj836k0k35t90qpcf9yud8lutjve6jqelsph0srz2p8rjeqmvazww,batch
bc1prdynn2lukd0arkatz9rsyz72l74qmwa76xehvt9h7r8ycw20cd2szltx43,batch
bc1p5jp5rhq7nplryywj06k34kuq3wgg8e6kq9p5lu8cc983tz04flxs43l77v,batch
bc1pmq6e6e0a5smfr7dm9dcql0mshl407wnz2zwz37mp99rrjnqudfms4a4d9r,batch
bc1pjzrqh7awsvge26nhgqyry8unxh3g6h6uffuemt4ddg6k7n73trzse47tns,batch
bc1pel8qj2794wf0t30lfkt7ak7gur708yngj3xjk8k8km2wm0wupkcsnmjet7,batch
bc1p5zrvxau0rdw0vwpffkr68jyvrxkn4nsxvm3peuwd42yxd94dep9q2u8gxk,batch
bc1ptnmc67hdvjpemtrnmnv0cggkf9ja9tjmthgc29tuyj2rv32aapas6qh5ac,batch
bc1pehjf2saqwu7w3rl6z44x64f788p4hqs0fvknw3gcezpegt6tzcxsfzt8vu,batch
bc1p9hqkaflxrynhuqgw6cml8kd4jks95rhza2ythvp2y0095teey24qgueqxf,batch
bc1pffh9s9kpxl5k7l4ws6c22l6f6e9rcrte6lcuwm9x3nytttmn8epssfh2lg,batch
bc1pkw6wtrm5kq7mq8j80xk4vass7rev07vmjpqkghlqh64zs6r4p5yszedc0n,batch
bc1pfdxrczh8tlexltuywqnnxhwrhc7s5meuvcermgzvyh9q9nn99qcs25kgju,batch
bc1pmfmv4fkczfk3d5trqt4s86wlkh82tncl3xme65et3yq6nwv8gpnqeaf49a,batch
bc1p5qzxe62teq4udlszql7p2c7lnc3adrje00tws5sjt09h3hepzp4s2t928t,batch
bc1p75dqvr4ta6yq48na4w6w5gkzu3nhu90prtglugakws36mvpz9rdqy3nlz0,batch
bc1phtelyxxtckwdem744c7v09lzg83ez20e2k7x8cfd4vt8t97r8e0srl7lcs,batch
bc1p4d6etf35ss4dp944s44drmq5k4e5w9gfd286aqetdyslf4r2p99s862ec9,batch
bc1pq269zrtrj8pjh7qlcsex86ltf3naqrvw2kw2kd70du3cncxwj0rqyqtved,batch
bc1pdyqgugwljpwuca30npmye9f9jhxrufvfqe4lz49deztq2tcxkcyqh3346y,batch
bc1pzjgalmhjhwyuvugvjslmp735rmvvdsfpf4t0utd98kufy4x5j74qngy2w3,batch
bc1pqq4j4g8f8nn4vclv3njc0p0cld8928cawans5tayant73vrnchgs4jmufz,batch
bc1p9vev2g84dumx3ew4k5yjwtrhvuurcg9yxvfwwzqtt7qcxunyjtaqhtk9u6,batch
bc1ptkfjsg84prvl9wf4fjt3hr8257gjxkrm03f6emcvvvq2kjl4af8qs6c3yr,batch
bc1pzhrnkn62sukqt6zvhd3gs8fq5q8dl9p0v6pxrparamlvstnxwa5qvnumna,batch
bc1p4axrvy4z3j9nhmltytzumzktnmc4vskwu0g2atf5smsu4c02kskq5r6pm7,batch
bc1pa4ext5c9wntfm9a59qk7nnc5jhka2dfzc4dyuzskg42d85w5wu3sm574fe,batch
bc1ph0km00et04x0l08g95mqc0qc6he4glt0d532m949r4kmddylkykqdrujhu,batch
bc1pfrtym8gyf9vxmsltgtlrxdhv3k5kqkk2qw5g6ex8j35h0e0khkxsyqp9ck,batch
bc1pfcwp2je9cytm8yjfztu6s8pkdjsuz06tfjph2qzrqzgecrvcd09sk8wy55,batch
bc1pxpa4rdg42xh7r2v5ffwz3jace0pg8z4wx3w6rcwnh6p5sd8g52aqypkvzf,batch
bc1phnm5tycgn867dtlqx8pk5sge83k7y73rua3gml05zax2t3c84f8s6a0jkh,batch
bc1pvn5wrnlaysyp8537n8gzt5c8rvcy4mnh530ptfk7pzv3khc85qxszgkd2s,batch
bc1puarddyfmfy6cuk5kj9ylqxlld0pkglpg78smwcue9ed39c0vu07smu23v5,batch
bc1ps0yyal8jksc3uvfllmyp0suyyteurcxg0hdmux6kjujlkfp6auuqznqrqy,batch
bc1pxp0nglufl84e7d4jfclhe5rl4yahzc92jrn4rs429jv4j0qndryqkgapkv,batch
bc1p7t48pc23cxs0ykft0xluyv2vag9hryx23p2647wq35nk70eskvhqtdpv2s,batch
bc1phvs0gftjcpdncphqf7my7e276exf7uflkesgx04m7y4hgr0aw8tsnc6txh,batch
bc1py0eu63atcmm8aqwdd9agef0m4cjwhmt8a0hngeyem5etuz59dvlqnj29uk,batch
bc1prqjyhurq364yufndcxvp7des20ped2uemvv3kh72rz9zrnd4um6swfjcsy,batch
bc1pauh86l0mt6sk7lfmuhc0vcjrwq3kjyh80gdd4ykjy23zj05xev9qh0ne3l,batch
bc1pe0pmzlr35k8rtjj9s4973pwfq382cw6lpcwhq6xqgg9y6pmkm7hqc6lkq0,batch
bc1pemj6kwcc42pyya5j8qwmk5v999z0lsyflazqxenpaqr0ke4ewn0swwaj2g,batch
bc1pvp7qcq44mwu07fkh2f935yksdaf3y3hlrrm4qdu0dwtkva3y7jqq3u7e4n,batch
bc1prsqeswj0tf58ftdr7e8ax3lgyd85qthv6e7g7f224zs9lms8uk0qmn398n,batch
bc1pes4u8a20ej5wh65y83g8gl7e26jeuagawprfetlvglqnlndsaz9sh8ckuy,batch
bc1ptvjqfrgxdrehcusxvvat60nf77gf49tnyeq0jaadazykl4yhthlsejvesd,batch
bc1p9qvx2uhup3czu49f9knsjka0ldqj5cs9d3rq06a6skvg5972kmgsrp22d4,batch
bc1parnp6lg5wvhwej7834ypxx9ke5y8pslvmk3z7d3dharsddr2k33q3dzv4f,batch
bc1pn9449p639cn4aj70fslle9u3mckp9xruud95cpgw7vgenelwl7sqr298cg,batch
bc1pqwrc7mu3ma4t2gjmr2fvlegl5sgp2rs52yjnnspjfwlgmexx45zq7y0722,batch
bc1p0nq30t88r56y6ktwtsmkmt4v9rf9raf8vg8ykzpdz7h5u5hlj8vs9eq7hc,batch
bc1pk2avdfnt86ea08v3y49fzdemtf04fw4wye8frsade2s8x7kel5wqe3hsyk,batch
bc1pzlh8vxaqesafvs27pyt5ven02dmlsskxg0c8xmx772lvhcpancsskacyd8,batch
bc1pphkn6fxz5cwkanngzwl2v3w2am4j3sstzvj6s6ufhfex0f9c6y6sz5slt4,batch
bc1pmykrlm4yxtaplx6tze67wlhxwm0q9r6zsvl8n5d7p0ptpxu2x2aqjwf3hh,batch
bc1pqkzy859cde4s4kumsx7w5uhdqyzdl3l4jmus906t9znqxkp8e97scg4vls,batch
bc1pnfnkzgs6y9qy26c2kgfv2ktdm2ha9sxvhgzph7qy95v5a6456ukqnjmhw3,batch
bc1p4lfgx6wsj9hkzwc7zx22mz43jned0qt9jqvjn972pp7em27ezu3s4gtek9,batch
bc1pc7j2fek9ej7vjqm4p2d5v2teuysqmauxp2xydcclqj6a4yuc9q7s3dqd6h,batch
bc1pfkp9ysrlm70rn38xadqn9zxg853ydv3l6mg4zzpwmrsv5jgqvtvqdzmg3d,batch
bc1pzet7xfvat0qwe79dfa2c2kgyq3ygh24m7g0gg7zlv9gzp8yaxxnqgafqhz,batch
bc1pzmzwyguwk4ds5z8xeamy96d9fqjppueknu7nlwe9702sqlj9t2gqclwtsp,batch
bc1p5zlwzpym7wfnguxcwjunsjm40rka5j7s3sa9jwv6p5t690t74vkszhgx67,batch
bc1pa5vqzdw730c5r305n4gqkajda0zkzy7f4zxcdujxqk8hl4d2f2lqttee8p,batch
bc1p3s6htrkr0ufmqwvewgu8klydw8e3k5sn6z52el2jxczz35r4cm4ss4gs0d,batch
bc1p7u6p7aurfpqj3em76vtxlvaldsc8zttnhvh4p5kexur406lld0gq5u2mzj,batch
bc1pt3f2usmytk6wfrp9rc25cjp7063zwcny8xssuzgzvmenlmx2985szggj6f,batch
bc1pl9uj7e2888gj59fjs0cy2eraxr2tq0lr28mw6rccsyk5fweszx8swxzh8p,batch
bc1p5shwq9rg2qmc7xqyfzwn6g5m0s5525kxcrwc793mx3hkg9cch7dqhszwys,batch
bc1p8m39wnn8kr90n09p4plgdzvfwjchh798mafatv0j6cpt3mzzy9ts4eneg0,batch
bc1pv52vv2ngvh2c9gc9nxxg7nwxhzzk5pa0pg9q6qagkzcsgd3lf0hs7sqhje,batch
bc1p9uq3t62tm0erhfqdzfuvpc0hz86e9f3x8vp58nr9mv2qkwj7603q9um2lx,batch
bc1p3x884qk0sdu6fq4r6y6scuh485jctf2c945hkqcdmd0pgq6t6vhs88kx7l,batch
bc1pyc3sxgxdl9l54w8s4t33935n650k8wgz6cq4grk9fshy7djs07yqqnlzve,batch
bc1pjdz789sx4lu5psx06gvtuvu3ux9lvqzlj545etc7mh34kdc8xu4qptuj37,batch
bc1pgc4n0l3qhpsv7rppkum7nn6fhmgt7ua4g6hllrqffv3wk5vnekas3plu3c,batch
bc1pjetu2sz5sf9rnccjvtqfe5v8ud4ycu3njm2nfqd47rn2w0r9vxgs0j5fzc,batch
bc1pncudhtg4j0cmzyrdn3a5s04se24wf6q097rkcp4d8yn65uqrjecsc4xtnk,batch
bc1pxnwg2e4lp9c7vu80lgeulg0hcjwuwn2j87gwndzf090pmqx86a2sgpjlfk,batch
bc1p2qd0ex42u6jhkl860sseasrv5jql2kg84gfk87wswsmahuwrl5cqnks9l0,batch
bc1p0zgztys02dl79kuy98pfdnfh6qw543kw549mxrqr80g4vrstllwq4w67c9,batch
bc1ppx2fc59k6kq50u09e922y5da75763efe5d74vr683pwugv5m2xgqedpena,batch
bc1pvtqdmzscenm0nlqrvkftecwk40cjxr84wef75yxhu8pykaxqr3dsmmhqec,batch
bc1pxu87ezdyu4wz6vx0a8y84ll04eljvctkc8kxv6jkw2t7tgm9tpcq9jkkem,batch
bc1pxpwfyjnsuhzedx0pgtty6zd8kanpstmcz6874mgknuuk2gs6ssps6t6ftz,batch
bc1pazl7yczx6lkht4ry2fxqqd358pk2a2scsgkqwdematzl9jj5hujqdvsdz7,batch
bc1ph4mmgfvme7fvah7m3auscpa37uq3xmgupuversmj9rksx7dxz2kss84hkw,batch
bc1ps4802m9mztakwthj23u3snddjldl97t5ytzecxm824utjwdtulas46j2w5,batch
bc1ps7uy9pd3tnfca2jc2sg7sk33fu4l9a6ywkyvcut66snl3hxzcvaqxx0z8k,batch
bc1pusdu3ygvx6ymuepex6fgyk3s24j6srw7vf0m42wg6mvc56jr4ulqppjzkk,batch
bc1pxa4wm5azpsgvh63ww7j5qtsptzma3700cpfsayx46s5hg5r6wehq79zjxy,batch
bc1pxf87xsw7e2eyhtctxj6vwkwzxrxrcx82jk99p4fxzw8z7ghu867qg5h4y5,batch
bc1p3f7k4tcn8e54yrket74ysv64ey9lk9247kfrkng6mqzxx64rtkwqj2rne8,batch
bc1puq07ccxyfrv89qxmhgmnrwf0uyeh4zchaeteql87meakfxw8re0s4ad0zf,batch
bc1ppqwr4p3659fa446cyq0zu8lz3j4fgjkg3hmxsgucsmazj54ghueq9lppv6,batch
bc1p9e6r8lkluf9thwffe6ujuh27x9r8s4jtqqx9ax4psmt3r3z2lvsqsncyxt,batch
bc1p9hrxf84ej8msgsymeqr76kkxcu62rqg5yx5xarsyfaay2sjqrt6q0wfd56,batch
bc1pu73r7pf73mue97gszylt7r96xukxw62633vd898xldwtq7les0eqmkdzml,batch
bc1pwe4x678q56s46g2r23jlw9330k4udldr694rwkqcuma3dtwstt3qgw4sgy,batch
bc1pxhg8fj5t3kq24tgte7n3s5zjvh9nvvgnslqkexaftmkzcsanz0tqkpm7ex,batch
bc1pa9l4vstn5j7gu3xanrxtv6hd2dra96e8629v2dpqrvvctpkapn9saxjg0d,batch
bc1pmy6m3rvwfd2mcj52p9uv0zwwppvq64m9mkw49gr49rd0xsuf0hdsll3lf8,batch
bc1pt4rdv0p36gm0fj33xpn46yha4exm09l50zsdplr87k8rga00xyhsj5d46w,batch
bc1pxwf8r9jwup2ayg76yzwxepy20hyv8fep22pfce7v88fawva5kscqa4a07p,batch
bc1p6wv0733gm24j5jw8xhv2lpnwmfad5rc623wpfpvmjwr7d4wz3acqdeamhu,batch
bc1pfwqkhtd26mh268xtqfeqfyhp0ky65chzrnycv65sjxw35zh5d3ysc8kq0j,batch
bc1p0acm3r5x8pxhe23x08sp56y7hkf4ccz90p8skac3zkutx67dengqh03j4u,batch
bc1ppscgrntdxh6qpkq4a8qvypalwpsmm0letv0teygzhz0lfalgqqhqhal69s,batch
bc1pzks7kg8uqz9az3xmcfaaynsqgxq7ueh4gj9rgf576ff9z590gw5s4lue0u,batch
bc1pv4zvd8zg8tmz2azhrqg99jkanypyvetdyae7h0p96hpjcsmlwscsqs5zwr,batch
bc1pctg3gtcv67qafunrj47slvdxjtz3a0dq7ae4tjc76dvkvzltlhaqm559ht,batch
bc1p2mkdaxj8ua7stw64ew9fqrw22l0qdp25zm2q5fxhs80v3knz9rrsmfrn2m,batch
bc1pxau4j3w2snhqthl7nk3h6csydcnh4gav94gj4gstqnuhnsu72f6qqeldd3,batch
bc1pg6errf32jfkkuswnmyk6uugyvapkplsw9dhqtqsnelcn0yrmkqzsduu5w4,batch
bc1pkwst27s2vgq5h2qsmj5f7lmhvrl3vk85p4z046ge2uxnwadsj0nqrmz0n8,batch
bc1pw4ccl96fvhlq0h2my5a76wp5jdm9hp6qq8tyywvyyzd6gtt9d6ys788p7x,batch
bc1pk258ynn4xe8lqhplafdn4hqfq9j43gmlets8rysquyl646mw8qds7jtgus,batch
bc1pe4q3q6qmqt5hgc5xlwd7rapxpd2kz7ercz57e2f24pdddg796q4qs53efy,batch
bc1pxftg8pkp5zz5ncw6l5wawtu0hg45t4f4a3hmg04x53xmcrh3cgyq78qa64,batch
bc1p4nqrmty4ft4s89npqyghu73u4wu63q28uzp80gu7prtgs7wphswschatpj,batch
bc1pjxj6hk6cw7php0wmh2wenr5au863pkrskuxyja7gtuv687u84f4qhc90zd,batch
bc1pegen424lkx3y7uukc9598px2m9tyu9wgmzqp5xn73ym8059q5xpszexdq9,batch
bc1pkq78s42pwhxsg39fgeu6r7fyqvr9m2dmcp7h8a7fkernhsvxftgs97j5nr,batch
bc1plm9a4f695al8x3ztfhgud6cnf0pg0z3f0lhe4x7fhjty2qll3p0qus46ey,batch
bc1pu3hf89v5e4ft8lska6yzulwgmk27dqr7h9000slpyvmcef3hsflq2sxt49,batch
bc1pg8vkp6h050uz7v4qsw3r8w9j7e59rxzrln6ptdx4zh50unv052ns2jhs69,batch
bc1p3uvu7r6ww5krwdf02nrwpdkjrhv65f6gp5mdqmferegyd45reapqcnfvuv,batch
bc1p5stf8fym8alx6cxwxzv3l3ds4u2a3ak0c49wetzdyk4zcnxd0dxsm0lws8,batch
bc1patds6rwrtqn2nt2vsu58cvwcn7ng556rvgsxyzzh25c6t4tdrkfqs676lj,batch
bc1puzw88vrhwdj58e80jhmllqu60y5p2el7kup5722kx8g5uessvdaslk3rxj,batch
bc1pt25uy2lhnn84cwq9jqlavhzpe4zhg3zh545zmn9xwjxyzvczdqxssts0s7,batch
bc1pfcv9utnf77yc0uhh03eg2ztc4xqzan8cdqxw7nzg6ylx24akdglq0jxwlf,batch
bc1pvusse7ac6d73rpcqj040ax8995qv3u2cqn8ym0402zdlcxvrw4qs5ar9gg,batch
bc1p76ayg7utlg4g3z3j6q8xlcwt7jw9ed6a85pzv6acp46lswcc4ndqfzcc0d,batch
bc1ptth6067h98j060fvad5t0uz5hytl2ua5w33s7pxwqlgwusukh9fs3zlctp,batch
bc1p3zn4ap75uy034pq0tm3943ux8czefqhgpjjy7u058aclnz2hej3scfvk4n,batch
bc1ppkcjhpa6ernfkzehnuux45f4zah0xhlhk7nadtkydcgpv5r3q99q6xp9dm,batch
bc1p6y2fa2nm7zskayj8f6jhtkag5ts6fved5dmltr0fwt0vrhvp0hcq78rnja,batch
bc1pnyx7gy502xkt75388fmsavdxf8f2g6p52ynnwq6c7xy9h3zy7x5sag4vt5,batch
bc1p262xweca6t8emhfsvg9ynwhe29j9lvg85pmagskgna3r22u09r2s75m8u8,batch
bc1px5v2t7ad45v32t5p8yf8p09s4rwv3unfvk0k8vzrsz73hksjd8asv8a72x,batch
bc1pq6aqmhfu306tmmxrc4su4un37au5yl7pnmfj406qcy8e99l6u75s3jf7py,batch
bc1pmtm8svtlxuw2hpj3aj9zhthrswmte77ldgl96l9ugvgnf5ka3wjsuwq3y2,batch
bc1pxk883g6k5ruwn9a4t70dmnmtrf82qlkua22e2aq326n6e0ng7c9sds5mvn,batch
bc1pvtec7t7jrvc9zyvxmwmayhnun8lm38s4krnj4j8ruvdeqfc8gemsf865r0,batch
bc1pled7lxwrssc7zw7c6g5gtaxdllp0kzmtj8vgu8qc86j0ruq5yaaqlxj60e,batch
bc1pxg5cuk9hdcr5ttp096rm0tv0pnzdn262msz3zykuvsqcp35kwjdqcff5nq,batch
bc1plr0l7kyzt00lcvp23c6wscg3qaurygw6ewrela8u73cpta6v04usdqf6pq,batch
bc1pddw4ghk9092g5ya5wn5g9f4ar8c658xa9rykg4a67juk5x75r97qhykd2a,batch
bc1ppk7gsnrnsl70k9vx9msgsupx4un8qsp0f4ay8z6vqt4gvq6qhtfqjv8344,batch
bc1plvky47a6rvq53lsdgd3rpry58g0vff8m9mqaj0493j64k20dcufqvej38t,batch
bc1prgsuwr72wxks5h9g07zvk44mdjqlwacm9dglpkz25q7wqvevw9usx4j2fv,batch
bc1p7edrau9gnnf4ctxlwpvyfdev8fk4ulma7587rysh6u3mkv42y0rq3n0mh3,batch
bc1ps4u4fpuwsptu7srsfugev3n8x520ajtast69v0kxjrn7dfkwz5msgnry3p,batch
bc1pqydqpncsxtkau0kfrwj2905axgmfu7qa9aspqxcznev2hdlp6mnq4pe00q,batch
bc1p26flut87kw8umacxvy2t8v58aaamy9askase7pa7ega82lqf9yjsulstl6,batch
bc1pjtfrg983rpdfs4w92c303h4tlntzzz73m0xnjxy3kze9ct48k0ps5xxqay,batch
bc1p3cmstu0ge94tlhlapa8xhesqe7j8j57zw9v999j54l3cgmfvk0nq99085g,batch
bc1penctnlned97590e2ftx7e8m9ay4477tqxtx5m2f4wnrvxtv95ahq623kkt,batch
bc1ppfsh490y70x7r2xvhr9z3rlvaenxkvv5mn2ndyl3taw07rssgtdq9ynf7f,batch
bc1p0qrk9yh8dudldc409eqpszxl09yqrg5m6kjwpgh8l54v6529yzdq2h53s2,batch
bc1pfmrzwzwjr2am625j7dt9e85d7alhr8pxptr0n607nerdegcsyktqk4yakc,batch
bc1pqc3d2nrqvuewydc89d2erxnrg05vx80hvwvt9ksh7ukrhra8e55ssshdf5,batch
bc1pxpzz5p6uw9z5fgy3rdnxfuhpspffaeu0mfadf74f6s8xeyjrfcps9pn684,batch
bc1p4e2lpjkk8rdserekg4vj45a4d09k2jhjatu7ta9fawkertncvr7qw80usr,batch
bc1prv4d40hadymjc55ekhlmse0rhtxx4waq6ufdg0lnru7gaqhq2mustplayr,batch
bc1ps7qu92zx6l3j8x7v843eva6rnlwm9kh0w592ag8jvwhegmksfaeqjxrwwm,batch
bc1pq6c7ds6wsdcuxnjf4udr4e4wnvuf20uxad2drdkw67uuhsnpeh0qy56t8s,batch
bc1px9as8mychmlq0ugw9rjulg39gw0grkh26xx5fuq2f5e4ukecfffskc5vd8,batch
bc1p9zyssv6qjz45kawz2dcvf9kcam876a66k89u9vdjkudqepv8ld3qn4k99s,batch
bc1px47h0tm38tzf0spgn5qxd69ry4ak0qqm4qllv6mdmr4mu3makfvse2nu6d,batch
bc1p9yayzp46n76sshnc99vh4u2l5gqmjcsh20s8q6rhs9f7nmws8gaqch5h22,batch
bc1pq95795j8n8gylwtqvwaaw42j9d2x90fukfk2qtfykpkma5p7vc4se6202a,batch
bc1pvyzdkhvwyg406rd3qtuv5z70upzretjd2jngtp65xw92975r6r7sfxke5j,batch
bc1pjghfzyg70ntflg4ud5hvdtf4xm4ut37s8mn2mzujqzxlf3hsvjfq0dn2cy,batch
bc1p9hhgt9ft0s2jtm7znapuwy9pr6uc2nlcv6h8zh0u3d732fvxgztsuunuww,batch
bc1pah5g45zs9yxwwzsp6em38xnfuj5caqqnuwh4h9hhhpdj996rrlcshk9vvv,batch
bc1pyz3najjn2yk6ylu72hqhxqhpn6c8sntf76n0spc5uhscuft6fv9svqxn9x,batch
bc1pvsfv0k0l2qc7wn6zlmlklvpkxx5tkrqpy6tg4xm9fxgcmjwg3rsst5xp42,batch
bc1pfyecqjsg6gjezg9qfyuxykqce3gyqen492yh75x8ay77d3m30jhsz6ms3u,batch
bc1p82jrrxf472g7mxkae60gq5awrl25y5dpnclmkxd6g3ezh3ejua6snkgqak,batch
bc1p564gst9x4cxradc6a8543zqrqu05v679ed7pyksrly6cmgys0dvsfvl03r,batch
bc1pt7phwe4asyehum96fdqn5h23ym7ahrwqngxkdwat4rj4kd24aa8q0k2yn5,batch
bc1pl2ftkap4d7cvt0s08zpfes9dur5gy5ers2n0ere4vtentyrms3gs0nla79,batch
bc1phx7vhmxux8zvud9m6gpqqy3ddh3zsyf0svec3wu0cd7mmh7d08sqtlne30,batch
bc1pavvt4jfrupee07vkz3a30yanp27zyl2gjvlw56k4hrk9akvl8k4stur8qn,batch
bc1pngu76tt64d7za0p4wrwjdn94k2lcxvqk3raznn5h2mvs2eqkd36q2s2l5f,batch
bc1pmzxuy5jl4s32dmfz58e778m63g0suacm7d9t698lrqzq28csvvmq7sugpm,batch
bc1p4njc47twaal52aty53v3p443w3sjyp2h7ma800vemmfupeaa9qxq5nvjfj,batch
bc1pf8gwjkkj922zhzxz8pqpgt5cswuyx4rzz0xaktcj4j923qe2dfcq8l8l68,batch
bc1pf3devlj0j8r5lnyymvm24fry00usqfutfhhz63w4l2jfaqfs82psm9f3gu,batch
bc1p3p3rwpef3x7ew7f75kja3qqxlwgcwqrjs20vqpcgalmclf4js3qq2x9wla,batch
bc1pgaa9rdq844gkw0va7nrnaha3y0g2dc79qkql2dxr4gmt4e2mdhqs0zyrxp,batch
bc1pfx8jrck2he7mw37wlsh7y67yc8u39tthx79s3ryuyag4lnuezpes6vcw4f,batch
bc1pk74lmgppjh4x0fvhvmyk627jvd39rclw2gwf8m440hp577hzukgqrq03wg,batch
bc1ps7y7wmvyszwx729uvs52sesge3emelulm9gd3xhsesnxe2g4j6gq6gsk5u,batch
bc1pt42fl8yaw8h4mhcdxmjs2auljzqu9cyktp75xk3l9atpwvjsma8s7gpv22,batch
bc1ptqjwmqga3jfq27xvw9qhrvcq8zhaewls9jwkndrzuqfx4zgwg6csr5h2nl,batch
bc1pvumtuve8t0ql3469mjce55tu2fn2jxj00lan67we9pnydndkaguqmhchrd,batch
bc1prfaqw37lraayfwpqlw23hm0c4lst7ehwv4wdufylznp2v22hpa2s7d0veu,batch
bc1pqlfssf0kr82aq3yq0x2fj8nk0w5sxne8zar6rwstlh8qvts6ra2sl8nxrg,batch
bc1ppkq9hr62h5cstg3fzkqwgw3y38qel73453wpja4sqwm3fpk0ssvs3mamu5,batch
bc1pgduyuess2dxd0as93mlfd8qcfa6vx96y8pjwppk2ls2zhjftlw7q0mqr0l,batch
bc1ps07k4gjp9c80qg5h6ms7vl5pg8spt83n7fcrrlq7s3u2l5j7hjpq42y4am,batch
bc1pfjsqlcppwnnnerxs0n2a7aztx0h69kup8um9kxuktcxnx5my94fs9yen59,batch
bc1peja9kdfyd7e9crcd8tpnu2l2fuhny5qskmv9rqzl4qdc04600ncqme94ug,batch
bc1pk4ttrrpfdgphsjgsvvgs8uzpcpus87wuwqm5mfp6vv2jvv6e0y7qr8qswz,batch
bc1pg674tces638ey2axrrr0ga85378kclf2nllmscwetr5fl2k57tcqmgez7f,batch
bc1pdlys2lgvtcmzesqp4h5lkleyppdhur7vz657ve7k68lr3wnkgrzqk0lakn,batch
bc1pnymda6za33tmrty0jtalcl7adenwnw84qvj32uecywcdztdmjejs26w098,batch
bc1p8ntm7ffm6jeaqj5p7t2utu3yfnp5nma84m48yxnrs2dw4ard93qstgpxyr,batch
bc1ps8zwxd2hfrez45z4r47akqv8zwykza8nvjla0k03wrk6pmxr0a2q9lexu5,batch
bc1p8uccv33fqcruh9ckdmpw0nyn5lpsertufyey2y9f5dyz3plpp2wsagcvgs,batch
bc1prdx5p09cqh5px5svsx92kqg54qt9q5ee5lsphplvm0c4el4vmfuqv0p24m,batch
bc1pkyta092m98j8ytflrjf4v2jed6nvck8curwmejhugw0uqy0x75tszu2lg5,batch
bc1pxejlhtrwjxrltfug6yn4ap4cnn2xwdzpdr46m8hd4dlvam958cnq543l7v,batch
bc1pfkd3wk7adnzgrq7e234tegphl9a7rnwzwgf02pcsq6vxlwfkvgkq7knm7a,batch
bc1pnwkvfw99lm34slc4mws5ccz7lsd4a6r3ns4t084lw3rj8yljezfsyp97jd,batch
bc1pz06hw5pexv8tg2r0xm2hsk30mazu6hcvf84d8cjpjn8yf3d856rqt3hmsh,batch
bc1p3fzgzwzlccp5xs8s9fgh9vyfg6cdvlsj47zcmju908qqv4mqw9cqc0cewd,batch
bc1pczjc5k7xau0jw5pajcra8d69q7k4yrhm3ftw4fxqj9hhsaztj88sx4fx9z,batch
bc1pkdrgdw34dhyj6cpm5kfd4yeu4hcskh0g9v4cmatzvst2c5q4j0nsccqdpe,batch
bc1pavs0t6x9nj6jtj722jpt3txw6c9wqljj0vd9mdffequa9z039tks46fyfq,batch
bc1pmwxprrgzsu2as0n85cj7ycf9tx3nndghl58wx4gkf7vsa67htcfq88kkp3,batch
bc1pqzu8x38e3ff6ja4q2y6m7mjgj0hnnm93dgyfzj2l5jfvh4svt5lqn0am75,batch
bc1pjq5cx5fn78gswgnkhrykuxsd7spx4r8sz78yahpessz2gwlqlpcssetj25,batch
bc1penkf6ufhp82dnvvh8d5zpvduhz6t6whf9087h02k95zdmkta7tgq0xzysr,batch
bc1pzsxvxq7p3wj2xc7lrswnfpmsds464mdwqpwmpv8aw2tqwvp5e7fqdszzud,batch
bc1ptls70kf075u08yvdjku55e8ljlnddcs99pr7p38df7ts0z6jef5s7a5wsp,batch
bc1plrr3wvk7hxpr24gngawtmpsqkerelzh5ucpcpvhmvwjq92whcufsllkfuc,batch
bc1pk6d354mft5lklnmvd7l7m992l74q6art77lxzv8zgr5cvh40zlfqwmg4kt,batch
bc1pp02865lqf84fvjafxjl7p5r4dr62tayewwpn7l6jlf6544kw97dql69r8l,batch
bc1pn2d28vzdud66ghrlmqtn4t0xju9gzzw6xlv4zxe3twve9xm87zgqszrlmd,batch
bc1p6wxxgu4msj8qrz42hv7hjfjmma6fyzff64k4yj7k83ug9fk5a5rq0s35z7,batch
bc1pqlj8x9unudru4wsl7tuvmasjz3huxg6zz0xvez6zdwxvjal45arqvvu6p7,batch
bc1pm7t75deps5gzv0r60a3m9x3lm03u5jf0vl22rmeulms88z0f7m7su5na8z,batch
bc1pgumzprfpzrzm7yhm4kxc96r0g0n75wfqxynepkkcevxpjavu3vhqkalrle,batch
bc1p5uzdqx3tjedrdgc2j6dglwtqq0g72m3h7ecam4pv8m7mutj8vhgqx635eu,batch
bc1pnpgyqna3lvj74ttear0wuvwaqw4vtglkk87zvtkfmyhkq3renhcq2lz3fg,batch
bc1p0kzmc0wy5d5hss6pfufvfjr3jehu3dep05yfk9feme3mhp43evfspntdwp,batch
bc1pnjcukjvd5vz5w65hxqj2kmhdw9mxhe9psem4f0w2ep2mvwc6pxxslc2p7f,batch
bc1p4f3zypprddjvuphzvckah2nzrgvyn2p3dadwzj577z85y5wtrtvsaxwcs0,batch
bc1p3rmsla72d9pjlfmx6y83ml3tsd0hv7aakg2x4j6nmyxne5y40kuqw4vxe9,batch
bc1pp7ad8639zn8kxfg57ugtjgj7lejny8ljsgu5t92p438rm3h8lujszk4z2g,batch
bc1p5qxt7e9s4f7fcwkc8zqj7jrp2fwqfsxhq7t3zagd333ac6gj8ksqm7km9f,batch
bc1pshn9l45hk7wdk2at3lnzsp98ymnxcuh0ey5r5k0s8sq2y075qyhsxk8cy9,batch
bc1pa23x0k8duxvjgsdtthyec6grja6a2pcny6ujacmdtr5lkzrgkdpss93lpy,batch
bc1p2ur3wuz77r2nwlq5nyzuwd4n4qddmewlrpgree4ujfr0jzgzyr2q0zpdss,batch
bc1p0ax2yge7eugv639f4csxg98nh0st7r9p9ya36vdaq0r48wzll97sy5de96,batch
bc1pcst839celjpamrpfeu68utzfesr6v7u3vsxdpvjfuv7q7zch7x2s6pu408,batch
bc1p25vc23e2dm2qenxn7n55dmtgmn49ayjhxf005ks2ydm049fvftyqx3tyud,batch
bc1psfr4wk848fu0krwtk64s75fxtzr5znjnq0e8pkd06zmzr8j34qqqk28z4m,batch
bc1pqw6q3h2jfms59yl6k06gfch2m8ckc8sehdazrh3z0fyg5r74s5lsj2c868,batch
bc1pwurrlyr55asme2tm6jd3r3y8tr7n7tw3qxf5zmewf3ajkyzs07wsc0ac72,batch
bc1pplmeewluzhrjty70j7h9kx9qshzs0660gl8g4f6xkmd5j06zsqkqgk80jf,batch
bc1p6yakugeacy7h6rjmjvx3g6v0fkk0hznssz7kw3tudksheyaakjxs7z5ux6,batch
bc1p3sk8t6gqh5xh05xchy6zv5ku0fs4mwkywxm8qepqqcvqgjq2lhrscvj3uq,batch
bc1perp2vzrcqg8t4zht63hk7qs7t6arrq26se0f63d5hfmhs5slv2xqd9pyyd,batch
bc1pqn9lcu5zgr9esa68ssj5haaa4mwm7jg3szqys4prwk0fnx3pglps9e6uhp,batch
bc1p43dhxvcdagvz48edwyfvvl0du7resxyz3358eukfydpt9tetp59sa8rmru,batch
bc1pacwx37cpuksaevx2eg74kxaj9xrfd0sak3wvhzc0rrsdzke27y5smq0ur5,batch
bc1paujuwh730q792a5u63lqdmn5g7pyrylrenmlgmk9w8xmt3av0v7sqn348w,batch
bc1pq4j34xfy6el9hh9kymr4x8u0wpejdxhw7x5se8gkgz86pky9mdlqpvtd0h,batch
bc1pg7a5s4g3ydaals66mumpwtu8q0j7stl7lhqk92e7mhmh3htkl4rqe3k9xl,batch
bc1pmhwyw8j9p8g9verpjk049gdyemd4ng700apdhgm2w6f6pe3kyp5se9jk0u,batch
bc1pwnsxsjffxdst869zkvvhlxfvdcn8pued6mdu3ppkk4d9tgz46s4s6j8wsz,batch
bc1pd5937j6jhkq57pzcry2pcla2fkk8m2a3y97efu0hcjv82cr7hjrslrdaq7,batch
bc1pxej9qcjeg76shtl3q7tprfcnscyteunqhunf2j40nhw8w6x8jyxq3kan86,batch
bc1p2hpvfh4xzhyp09q3ax3tyjzxm5xpsssm8ex6xug0tz58ku99ffwskedpgj,batch
bc1ppdphrz8cgdalk3vprjnhcv2nsfdt84evmpp2gj6mfa9ueqwxfquq7gh80v,batch
bc1p43mag2ng0gsvyl6k2jrdl9x8nczgs5sn2pvhxzr5hzk3mhnl4x8q4w84vr,batch
bc1pmlsstvwqnwmz8xxlfwkvfpvw6c384825yv8m4eflumatkqe8j6kqrhpecw,batch
bc1prkyzyarkyqmc546s3h5zpzq5958l6pju0x79wf2shl7xdjn3nk6qy2vpu9,batch
bc1pdltsx7cf9c52k86k9n7sqxjhu23pmzgckx0gu6dwcn94lwj6qkpqp88hel,batch
bc1pewr2gxy2pfv5c6petj3l6fhdvcl9ajzrre3yrg6lvk44r56vgdaqsvxnux,batch
bc1p7u7n730jglf04gydhvw80whmgk7g83pmqk5xhs65a5933h66vtwsamauu5,batch
bc1pw2qtue3ltr2ddjt347ptejfqfmz0v4evn69lzu7u6vwgda9m5q9suvp3fw,batch
bc1pn0w0z0h3nratandxpquelx78g28scws2zgztt7xqyzqggfa2fn9qsj59m8,batch
bc1p8l2q4c98jk0nasqywecu40xa4vfnquymkmchqvfszumnw7e7fgpsxkp82d,batch
bc1p6shsq37ujy9qymmzep6q8uglvr3nq4fxt7qucjmxdu94kylu3cwssv4xrj,batch
bc1p9xw6r0jf80yrvstf5hvd86ny20ksc76dz403pkug6p03yu6qg5vqu7khp8,batch
bc1pcv9420hxpxaltjujzlm0qw8w99zgcnux25j3nxgr8tn69n9zxjkqkgu4a9,batch
bc1pdv6llt7crefw6magpz8h8dkna608fn6695gzmd7vn54zaly9w66qwa9s7n,batch
bc1p8vumhs2092zgfyfllef4gqdf3ljdk8mylqmceu9p4zlly99rzzwscevst6,batch
bc1pfnk36xeeajlquf5gjpvwcfz9gda6j5yndtj6dpnraac2sjhmqyuq9kxay2,batch
bc1pvp7d8jl9dk6x5axrqznglvtp2y66r65g5jtgcnu22ntvy0pp9zjs9emtqg,batch
bc1p8j2trgsjqgq826y3jsgnc24un0h8a0gza5q3scgue03tkyc8hpaqsrcn5v,batch
bc1paqlz63gmc4l3tk8938epasqucajl2sehdpypr038n963wvzedn4sdwlx2a,batch
bc1pxe4qnvpkw7w03plnfh9vd8ham82kvf5wnpapljuxqug97emdh5rsvvffwj,batch
bc1ph6um5azxqz8v5ywp0zmkvsva23xgnjk77qexr5q7ynnam7mmf0qsu8segt,batch
bc1pr5rw6zrhx5a9t8k7a2rtxklvsxg7qxzd3cxhcz40lrdhfwnfuy4qhrccf7,batch
bc1px0d4ea0kz205kpv4kecd83vtdjydv902yrazlks3dqfzdgc7xhqqcqlzs3,batch
bc1pan8tr0mnlllupqvs0q08fwhatmp56yfrrvdgnnfcsarvjp8xdc6q5zd3pa,batch
bc1ppkhs4ehsj2r60kkeevj092242z44az6ekrm69qveztee8zhfqh2sxe5a5l,batch
bc1pj9983ztwukz2t4kv69g3lg40kcq7ryjyweyjhge53juagcafszvqtsxeay,batch
bc1p54f4hyy8m5n6fj95vlgumkts88ltd7scdeajlyxu2szpsytfzjqq7zl6uq,batch
bc1ppn6wsj54spxs3zyehaw224ycnshtgt3xapmkfgl3t8j4s0v75yfq838afq,batch
bc1p0hfkpzgq300vz5zd3a80uwpge2zk92z5zc28plsca62drry9pw3qevcuy9,batch
bc1p2xle7x8j9yknas3678c5rfupww3p7aw4jxu27mdxyv9rt5z4z58q9qh7pk,batch
bc1paefrrrefhdp2g3fnu56wznak9kqwy33l5v0x37f6gr4yt8jlzs6sl3vyuf,batch
bc1p48c6wa8qf2sewlqdqssg37kk8j6aenkxl985kvvhh5vv2axjd3gswq2hlw,batch
bc1pgpy6naffj4td7qwwvttpsy5x4shy66kprppnvclhlnxjqnmkqmcql2ypu8,batch
bc1pzkfep2kn9jvntuygmk2ypkqgqnzmn2scdrrdkevyrrayl8revmjs273074,batch
bc1p8jsj2x5pl5qhavdmmh3vfetsk0xzyxr9yacrqhrqv7ufdwzsxaysc0hha3,batch
bc1p5ggkwgme3wj3m88c0x2v2qztz7v0d5xla3q7ysalyzwfut68lwrs5th9ej,batch
bc1p60hh7xjv87j4m9fpyhdsf2yjghq4vddhc4pcg0mv6lzcyzmqkv5s90ks6d,batch
bc1phw7e99xt2e8c8zv77wzkdymprect67aczd9m9vwjz9le2nfp2stsn5mu4s,batch
bc1pkfgwswn0wd9vj20g0vfqmq0uqymlgp8tnr404wdvnh2a7uzh059slwqare,batch
bc1pjdvl5cgajl2e4karkjtk0cxj20udw3lyju37s596ltwdme70zqqqj28aqt,batch
bc1pl9mq8a2nkg0f58k44a7n6xsdanr04jxwzxdkyqz2mtsefydak30qlzhvsx,batch
bc1p28nqjnc2j44m8lz5rt7c7tyxxwag3w9c7dd4ruwpm2v2ttjuqklq9wyl7q,batch
bc1p0a7n6y3pvrcttevgd360py5na3tfje9985mqgf54shkfu4539rssr0q864,batch
bc1ph70p8dnlvq2vupegugs94eylewaprzqdmnp3vae7zdw300ws0gpsvvkrsq,batch
bc1pjyzczg896hlkpsnerfueh7j7wz4s990eswt3r8sg59s9ple7l6ksm26emw,batch
bc1pe0ddt3mh6x8l68sja5fqgmvzaxjhhvrayyq3ns73zg4d8yj20kcsu80gun,batch
bc1pfd64sj27s7er5qrzwwrxjlm3jtzspwlf32lgj6mgaqla2e3mp0tqqyl4xv,batch
bc1pd89204qtdcsw0ms704e2g9f0t3m5de6060gglz3lngse0uprjqrq5pp8u6,batch
bc1p957vccdv4w79p77ptpwu6zdul6kv4pm3x3nuk37rhmudy7876t0svmaqnq,batch
bc1plvjjd4jx8uphjxrj9jyfgrvlwqw7fntx4tgv00dxdcnh7aw2d6qqh4eu7k,batch
bc1plumcrlhzcert76ud2enmcg65tswtuh6fr5d92558unle3dv8lnrsrkcmwq,batch
bc1pafex63gg2fpr9fe34qqt0lpthef5xexn5uzv5aplz60dmvzy4l6swr2a3u,batch
bc1pte55m7e0fd8lvqvzew7cv2gxl0f4px2frvrqzmckw7drz2nsjmss6mzz53,batch
bc1p2sa5cc48rdamhfwh73lndykmfh4deaejtvzepea0nt35js5d3wgsqu42jr,batch
bc1plcqcs3curewh57hs779dkd2wdfnn9zetztl74ph5ps4xglp7cggsmddr6u,batch
bc1pfzulyh4gk9y2f6ahh5h0scwxwemysy0nexmqx97vsgrc0k2sfqcqs3j44w,batch
bc1p9rnk5j47w65scdgquw4vcdln8udns5pt529jpyvfjgycgxl2ldnqmmaf5w,batch
bc1pm8tes3vmwenc8lhn4etjfz2svtux70wdanl5fgujsm7fn2hjtjms90utus,batch
bc1pl2xcevkjs7h6wuhll9745jd2w9jmntr6ylgpfl49ehvzjkkrjqhs28qvjt,batch
bc1plqyqcnwz7cdcng0gnwcyyy97rgm56sg0h8a3qk6x02agvmax35usz5pz7k,batch
bc1ptf7k0ufpd2kc0wcchpe06lu9y097yc28xqepxv5hfqwawzr9ms4qnutew5,batch
bc1pfylc4uexqd7l3zed834fwgkz8z0w62y2e2p89myxppcntl47ewtssan490,batch
bc1pj5hhk6eqhxjqdzzraue6znf86xqyhxqmv082uejtpgqntnlft2zs27wwtr,batch
bc1pvexl5468g8vs5v4rkgpyprnhvqxq3jxtjnctyplzfw55l2c9grlqqxe8h7,batch
bc1p2tvaancehrfmwshsg88m09ss6wmarz9xvmr5utry8dfhm8pu4zfq7pawu5,batch
bc1prs42xa8npp88rgmjqz8lx93y3nndfzpx2qphy3skc6alq43q055s9c544p,batch
bc1p5zqxp92gknfh3hwetlmqfuaeyfccjj5ks2udql5j0mjm8ypngpksxmeqqg,batch
bc1plgz79pls97fx7pyynfe3r2v0w0qga8makuu9wzqr6cfhh4n2vemqgmvxre,batch
bc1p0ll77tjfhprx2px49amx69cyqsfgfuuqrtysshy6xp5yyy2fk8ks77h6e9,batch
bc1pq24g2vlz698g9d7633gzfaypkdhujfkz9azrjfs4d9effnu7vanshdr3rc,batch
bc1pvr2kmydyh25len0q4s0cj5rpcyyfg4q3zkl5p7s7cwm0xlmgjg5qd5he6y,batch
bc1p4jz7f6nycdytn0hdwmp4je2ast4t9gyyj3sgetm79l26d7ds5cpsrav2la,batch
bc1pguzxgp7dyfmd4jrlledefu8dc9hjpm8wtmffxqvytjylvlgk7sdqd42dql,batch
bc1ppuqsqy07n7f4273e4r0n069m9ajsh4kc7rvw9r69dc3yvmggsnls605w9q,batch
bc1ph0f2pehs9fmhwp3twpj4qj23uu2z6t4u3f96r7s7jmc5ckkpvcvsge7c75,batch
bc1pv429lknhnzk60feymrvam99knnmzlp848p5lxttk5qjw8wwnstqqx43xgh,batch
bc1pduu4dmk9e4yr9dqrnnjmlygtc7pyg59l8wq95fmp4m90h36e4zyqj2tffj,batch
bc1pyxd0wj68z2y3h3v3jh2rqxy5fjphxndlfu77ugudygwpj2e8spks9s8mep,batch
bc1p5pdqtgn0w976jkjej5xpukhlrxx9wmphzfxcsatpamct706yry0q24ajy4,batch
bc1pu78n0tszxrp0ndu02w22psn7azsgd7ajk6cr4jd94k9nnllq22mq2krjqq,batch
bc1psk4wwrpc58tkxld9pmwyu0r6tza7ky8hmljuh8wkjs22l9rgmqxsgtlsu2,batch
bc1pn203hk29efwkpe7zgmfsdgepxv80qnfkmhl0r77mnqy8pvqw43lszcrv3n,batch
bc1py2k9jqmfq660m0wahau6teytg95hla4m0c4pc8schh7j7rz64drqu3a6pc,batch
bc1pwlgz6mg8d3xgg2lzkk70j7u4z059w9ae80xy2njvqvnx32kyvv6sntaq2u,batch
bc1p3hpnz3vu4muwqdk3p9t0y760yptf6twsjah620qu2226wa3y9s0smgyr6p,batch
bc1pn00cka2ap0gll9pxgpugat88x42pqy23ly4eu73sxjqxxe3nl3ws97759k,batch
bc1pt4r4tlq5tlllu8uu277syn3yasgel4388h9r5uv5hn88d2sy2vzq4tczj5,batch
bc1p4mn5kjx66ttk3yflf6r97fzds9303jghgzaxhgrfll2dx29akn4qwjjyzg,batch
bc1phn46h09hxp68g0rnaddkfvryzkhf4fda8lm0sgtj3xssvrc9l72sl94lxz,batch
bc1pxprqq55ajp7kzhknfjhmx2c5h248jnm65eh9vkjm3zg04nfvspnqedga4x,batch
bc1pwa64st2pn04pcwqcn8zwz0xn4j5ey3wljsfxkfpvzqrmamy5x67sxw5gnf,batch
bc1pqh02xkdkhm3pyc274ww5k8jgcq7ma4c4pcpn5l9tluajj74u8essh53hpc,batch
bc1pk92zntl2vjvgq70ctjfxumn7pma28d8aum4zflnnx0dy3hsrq5rq8wlztx,batch
bc1pejfvlzjxrqsw8rwrn6u5t03memt898lwykek3tyxwpu46qzlzdjqqfj2g6,batch
bc1pcqu3e63wnjnlzrfnmk039g63qtjkxd70sqhxn8pvcpvxz7j7l2ws9tn0py,batch
bc1p53vfqvza68p2a25nl8cexluy9yg6a2ryccatt9qgsqmkl09uvdtsk8l5ps,batch
bc1pkquyljudzucfqqfx2d5w7rgdsusasg55hs49uv4vyp5e5hhfg9rszxfml9,batch
bc1p0mh3tnwgwjl67qkzl2tc67rea6w2c9huhdgdzz8ha2felw5pwg6sjqr50a,batch
bc1pg4hut6tp6w6jx5eac9v9r49vhtpp4uvpwewunh34l5tl7csaex8swg2wlr,batch
bc1psf92kju4h9785jhgzve5we472uf7vnv838mgsms0l55m0hmkf85qqy8m44,batch
bc1pfk9kkxpycu35aadlem6crgdnun6kvjxfpvkw28809q2vx57mfjkqmw7vgy,batch
bc1pkuah7zsg6c4sw5cr63258tppsw9ydyp34dl4zem97vh9gxdt8n4sdhkhs9,batch
bc1plecnu3cg68jf0m7hwhcxf86hl8dn4rtcuacptjrrqxeutqql096s69rvuk,batch
bc1pte4vsdcn7xk07hxy7nncap82w8uayfu4l8mn6dsdu68d00gdpvcqshxtu8,batch
bc1p75r9qx8e5c8cnqp4j29axlmrxse78jq2xz72hxkrhnvwxxmw9kvqke3spe,batch
bc1pxr8z8ssgpm5z0drn2ces073tvnczmhus8z3dzy0z8rk6ncewfx3sm9zlw5,batch
bc1pauwm27e7tun084tjyqtkaztcu2fqut8xxzrtznfmfwka2v2634zq9l42ml,batch
bc1pzzkyhszj4wnepslm8lxs6adeayp37chh0wlxqscg9wzdkqqnlsnqz47klv,batch
bc1pyjn80x5q3rgjusjnh8dh7pkrkdw9pssvjth59ar94u6tn4clwkeqe9cu64,batch
bc1p28nx80aee58ctpeh3zvuzd0uduuslywdc6ekj64ra53rwxrkxf9s9cp8aa,batch
bc1psltt0u6c4dykny55evlq5ej6nuwxeeepfpw4p7k3uq0v2vty562spkr7w8,batch
bc1p7llnrwyxsdh2a2lznq5pc5uc6ec68sajgz6wx5e3l69ysx9m8nzsejk4c7,batch
bc1pgjgeg4ngv50hmw24cwvsv4vm8w62mvgqnh7elrrlmxg9pjhwtkxsghlmjy,batch
bc1ppl97mce8thln4039tlk73tqqhqfny4jhnady372egtw9738d2q9qvyeg7k,batch
bc1p74c2z99k002jwducvj9g2ghc0nr0lf5f2jlp2rcdqj3mjtfq20uqyef8my,batch
bc1ptq3d0e7qmzzkn5gmspec5ex24jak2y7kpzd55gyxd46y4vffh7lq9hhnty,batch
bc1pugfte9tnzm08nm6z08992rr5tw4vvjz4r3arcexp56xgftzt9xgq9xpa88,batch
bc1pt7w0llh24x68fuzunrvafj0pzef63z502acj39jfxlm8ep55stssfejzx0,batch
bc1p2wfuw3plgmjcmvts2easxludku3nu3d943djwlp90g2r9j9vy8ys5tcwj9,batch
bc1p623lj5y9r7leg7suqallx8xgyq9tj85xre3ynezt30y284x79myscpy8yr,batch
bc1py4rawg62gtw3ayg4uten0tt49e4p4vkuexv2r7vkv3nwy94ta9kq8j08w5,batch
bc1pycnzlud6zm47khczxhp83kh03kn4hlls52qkrp23zk7k2fp6ygesfdlyx5,batch
bc1pcyalylkd0ejss3awvf0m9t2qprv834gx5f4ks8tmauwu7dh76prskr58r8,batch
bc1pl3p8atyccugnz8wqt4rqz7kzejrhry7en90qq8cy0cy8r82wgujqjpvzqh,batch
bc1p2xx5skajr9jqwdjtgue35lzw77ly5u05jh03lqrtk7lg4jk7dm8qul09wx,batch
bc1pfl3qvl9ffwapy7l5gc3kpspwsgyd42v6062gg8c9ukschnajfm3qt92ywy,batch
bc1pt6dg2hdyj2hg9qhhexnh0xnsgyv33dhpnlwgx0aw0t8a3nenqfpsdduz4u,batch
bc1pv6fkp3008s47qhjg5zwecz6cdhv0xhglll6s9qr09mpvn5avvtys3xr32d,batch
bc1pmdfnac09aqlv972l4ywx8mth74zree8jzktc4l2cj7juena3cjmqqngwud,batch
bc1p8z45easjzl6kxt3ujvkx3t5m62j437j7fmhyw007g0htffdcz42skwepkx,batch
bc1pnjljgtaku8f0ugru24snfaxrdlfndwuv2wltwr79k749jvezh24qreu4z8,batch
bc1p726sq82m9mf7dv8a6q36yngk3ffmhmvl3jnp87yz5mntym5wqxqq5ws732,batch
bc1pr6j6rn4ta04k8qh87ctm9qj34vr5y5e8z9a5qwejf8xhwjelgy9q9t6xgg,batch
bc1p2rc9zh7ulfhtnge59t9cu5pvvf6djvw6nqptyccqqvsq0ufg9elqxmn9e7,batch
bc1pmtfp4npcl6p84wx0g2zdf4mh4h4tqm628n7dtrl5ztah6shspncs64hexe,batch
bc1pkwn3a8vrn2qlqmg7skrg3ll5vsxqp3ckxqz32k73k4elpec6luestu3d6p,batch
bc1pfjfahhfnnfgrt8pn25mdegekk9r9j8cdwyz0qu6y20q3furcdrmqdk8j86,batch
bc1pd757ws0j0e0fyc4k7qflv62yt56gnm2vhrzvanlklcpd4cczqmmsynh58m,batch
bc1pl9fnrzx9049zycv0gvhzytl5sr8drmkejp6u3259utw7tdq6kzcqraemkq,batch
bc1pc07gxstj32ze6pjhdd9xczayufnppwytr9k9qgmmu9d4j99k4tkqx80g5u,batch
bc1p7nz4pg2av82x85u4wx4xtdvywvqj9tk80qxzqnapcxa5t6dn7anqg7p3e9,batch
bc1pq4ymeysctfwkw366leguaj69k2dg6krt8wgqr80cjg0r5sjwxrlqmmmwa7,batch
bc1plwqxsn34yn7wg50dnzd3kz395348dq7rwwkerkzqklqvvsu50qyslkgfk9,batch
bc1ps2karvx0ly0usvjdkd3gt75nvltwu67a2rc923fykzjwg3tkzkdsts7jfe,batch
bc1pk0zjst85y2ckpd8rum89hnfzg7sxpctpajucldzj8x0jr005ar6s6dkfd7,batch
bc1p3jhkyl7p5h6gdqqw7yaafnmtgvnqwpd9fvzx68usch0kk732fhmqma705c,batch
bc1p6czu6n6v2neeqnr2nxvqlpt3utvsnpuf8fw4t5wyx90mmu0tpdfqc480tp,batch
bc1pwnw5g94przp6z50qm3ct2y9w67x5uwl0g5l38avqknjmay9f426qwdmc3u,batch
bc1ptnuylx0dz6q2vvkmytaqs90t7992d00wn3drrt03rvc3fjkmpussane07f,batch
bc1pzzwqvlqt09hvcq9s45ddlp5e03vawhn3rerg69p0cr4257sjm9as7hsf4t,batch
bc1p7wzq59nnwaz0yggcf5dh653tcly0r8z5kl68858vwdrezeqfnlqsvfrype,batch
bc1p8sam4sd07e6r6xsse9ku9x09nqvjc4vq4xarrkqg0wmqwat8x3xq7myz9g,batch
bc1p8y4u550gsqgm8gsmhuzzvncye634uzd9g839fzunxxq0cf5k9tus4lu63j,batch
bc1png2v3vg9rmjmmtav6crkegqcyjgmf2z6h6exhega893hswsuhmyqhw4ndn,batch
bc1p6r83kz2mswyxwu4ld6z66p3zmje4fmrqctkm8u3tcksvm7202kxqkq52um,batch
bc1p7z280eugulvdd2glq2scwaj93hryxkzs568wwk2tsam65hzchfqsvjlxkw,batch
bc1prlej6tdcgz9y6masv6z3dvr6lngjg0w56zr3dahypjqnv4f707aqrzunkk,batch
bc1p065azykkwt4eq5sxt3lf0xgv45d3hh3ac8txavp445t8ct0ne5xsxmasqq,batch
bc1pcfm4jrdhje2qavq0s7g3nevdul03wcym44uc3lmfpj6w68s0d89q378j4s,batch
bc1puqmwmetdj8mv9ftursh8hr7f2k33swxz9rp2g30hpwjfhzvd8x6spg26kx,batch
bc1pe0ayrxjq89ca4n77nndljna9nevrksf4e9fyuww20n6t9pz2dwdqmrvr96,batch
bc1puucre8skn3wcgnrxq5p68zjlq8smgveyw62taqrp74qcqwfrpq4s5x0htq,batch
bc1pqgws9xqz38lnwshxqmpclk5s3t2ywzlnj604mz8pkg837cwdthds90zd48,batch
bc1phswrhafm9evcwu0vk77y5j967mpyufljauklauq7t5xdgly6y4hqprrtpl,batch
bc1pyp8mhrped9ch8fh674e0zrht6jdv4ufz6gxycawptn69f8z3x3ysrvn0d0,batch
bc1pwk2each5ucsnr5c8twewh8dttaeaygtce5gkgm7mrlchfey72mfqvxv3nj,batch
bc1p3tkg89ndm3n5gd7hsznnppy8eel4gvc3m8ukqf7r9xxlkcld87uqmv47zj,batch
bc1p6m7f7mywmsclncxn7h3hppmrvcaztc8uczsh7mrvllyck0yv8mfsptm0zh,batch
bc1p8ecw40fef6lsxcg568st5828utv3n02rh4hj38jhecvplslezjmsn30prf,batch
bc1p6zx94fxh42exdjte6gc6vjhuqqxf3ps5xte232f3vv4az4det8eqhqlt2q,batch
bc1pg2gnacaaw04xwytv0ec9370wfjwqmy3cz9r7ajkkxhdk3khpd7pqafvckg,batch
bc1pmjdl7a9fehvfrcd9r5tqhcfneajf7a4wyyaa67vh9y26ceym8ffqm32u9r,batch
bc1plfz73dep7z4kc0dtrzqkhuhel5m8w8ze8gaejt0nnaz0647dcfkqwl06nc,batch
bc1pkrjyrse3zv3ucape8kfnpjg8lrdqr08tkpmxpctyyaljjgr5jywq5y2d9l,batch
bc1p6mpnjch6tz0e2chm6n87mu3s8ftyp9w985l06rym4mkd8eyrpurqg7mr76,batch
bc1pa5dw9achdlhu7z5xs09mqrqclfgcyf6mv68s7dka9u0838ut5hkqeydkaa,batch
bc1puh5wlw4dfcspxhmdl0hkgp2r4f3qjtz2kzvycd38hcnhwndwgwhqj33xf6,batch
bc1py67duvgu85n6gy5672474s748enxr6zj6ep34js3yav7f646plasndpq46,batch
bc1pw09fc9u0tpqjdj4d7e80zdjw8efx28s2phmhre5tvrtc94hsu6eqggvnc4,batch
bc1pw3yt0e8jaxpk0c44a3ycnl5lx0jkpdmk50tfuvuntpysylge2yls5cd96e,batch
bc1pj284wnahphrqwznsnfj8jhtt4c3shctfaddy08gy4g3lyadtwnps3ekej3,batch
bc1pcuynyld0fg0v779mev3lx6zd9h063cnmejkk36r0kkukhqfje4uqhg4tcd,batch
bc1pnqx69ct5m9ux0y756qjqdvplnmkszh5upvqggxy3cpww3hcplwsqgcf9gr,batch
bc1p8ewg7jm6vk85j9y63z6mmncnmct2zvrftlakr3lyhxgpqlm0r3lssyjea6,batch
bc1phuvzkuaq04v8zfra55ncmnffvqfhzqm966lc8zh2kkz6tkfnh25qswjqnm,batch
bc1pwvramjghclrp3u80rs9edz2c4fz7q04ytnv64qekmdm2akczl4uq8m0dpe,batch
bc1pyf47827qwq2vvwyr4ld8y8hnayd74wfmk2qq5hr6wvw8mq7tc09stjql2e,batch
bc1pzueepz3mrfxwf73q2drmtd6g7e4kycxfaggyczu5w5hshehre0vsjgsahr,batch
bc1pa6uyvwmqhyfldff22nx6hj59f3fewg73eqrqazsqr5p2gpx970rqumsgw2,batch
bc1p4fx5ytuggs2rkkzjnplyazq32nyts2z84mmd3etwyvznwv0tamysvyn2x5,batch
bc1phq7hk4xla4s2x5pd3zgnfl4hz5a22pgfmy2g37ssm9rnkeutdz0spysz8g,batch
bc1pudxpz2rysdf24knf7rpwhu8ervcrxphw5ragevuf9smcum0su73s29w9sx,batch
bc1p77y70jnxfwr665dha4svhh4lya3rpa0uac0wcx8a84nkfkyeg7zq09zffj,batch
bc1p93w8sx43zf8vcj2asudvdt53xxw6huvh3yac2uuzc3nf3vrudg2qv40ca9,batch
bc1pz8yf6k8q09ygjk5hu0elflesjkj2ecsqyydhxhj6gnvg0dnehq3seq2vxe,batch
bc1p4z76fnuuc658l2prn0dmfxr8zeydq6y3cngxhgz2g87g5u6vy2aq2ev368,batch
bc1p504qglxk3skpknz0spg8d4ytq6r37qtswvxmpndp2y52wxfpd7cqm7sutj,batch
bc1p45pl97amsyn9hc94kncn4gf8fs3ezlgq3nrksxvpu3dl39ck32asad83rj,batch
bc1phu66yxj2cr32dz2ghaslz26h2kjf65ltav3z9762ue7cepgrrwys3rx875,batch
bc1pnf4mer2r7pa0ueuknecjvhc3d32jx4a03zppl28j8uuph4a9vf0qy4n2cp,batch
bc1p9232kh2nh5fsmnhuzwtvulh0zhctvlh9qvcddzwfk888g7cxdqfq69mwjc,batch
bc1pxpg6hgl5u8fme6ety32fkrphcznvj6m2xg30l4svaln93zj7ufuqp0rusp,batch
bc1p3ksfa2gz2lruvjw2exxx5v4hpwrzw82cz33hn9qe8ye92dspjyns2xh6yz,batch
bc1p8asdujqhw7atpktdcmpzdxtg6njfyrznu6r5la4p6lnfkcstlw7qtwgzqm,batch
bc1pr036ngg2h7npwpucm65slcd558d0a84cperuf7t57rt4d030cgrss2ycp5,batch
bc1ppgp4mhgrm8g8jq8j2z8ny08t305qw9zk3pvrtd4slg5ksyfnflps0gqnja,batch
bc1p90wxxv9r7djaw9k76sry9ed25m6pkfadan20w54yf0ehsznen3wql9khd5,batch
bc1p4kccm34ks4n5ywuv6pe700ad7a4tytyglgsylpqnajmpvrlkpv7qk36dmn,batch
bc1p84p9u35kaf0g7pntm66srqwcmnjkqy6jxtl35snkg80mv8a9vzssk6drxt,batch
bc1p68rfcn3juplwgpp7j2r50kddftuqdvg5utdy2jgwrms7syfztz3smfkdjn,batch
bc1pwexen7cm407ule6p8l6ua362d947629jmrqweaqu9wxex29ns9vsrcqvfw,batch
bc1phntr0hl4lamlngg0gxn92wge3a8kj2j4gnag5waf9rm5scae827qa442az,batch
bc1plgu2fwl7dntt8qjcp8dcvy4c6qrncy9xmkes6nyj0ajhzds3zc0qvgumps,batch
bc1p2zxdkn6xwjayuyplad9ck72hp3ltheakvvggmncl7a0pedr8x0yqks6zsm,batch
bc1p9z64cdf2vltjgfaty83s7kqk7pnk5kreekx54lp06pjcenrp4ylqdwxsfx,batch
bc1pxp7jnsdd6984tqd6en48wxxj2gtzs5my0nhdn6mh6q5vcdpshvsqdzyc6d,batch
bc1ppmt355aqww27jwvdwf9ufnpe8gd3uvvmdhszfgpwdzcnnhjcfvjq56ql8f,batch
bc1p70d0x4z30mw5k4hntct8lwg42eg02eg3p2fdmhahqluakd8kx2pqt0ufp5,batch
bc1p77ppnpsj2a7hvq2z9fy3m0pucy7mlvgdwfvratxvcceh5hjx709snhhz5r,batch
bc1peky058wm05l9umfaw9typsn8c9rspzleuszzjh4wlla6vqs83cfqr08xs3,batch
bc1pycfdknl5pd3v2d5jc86wtgqnpvnddnks5y55lh74675au8zwghusrz8esg,batch
bc1pj05lj3fqd3n8a0kd0u3x39wraayzutgrkmeapvkky7568p7qwwnsz0587j,batch
bc1p6pkrrx5guzp24e8fwfh7f98ruswzdyjtm65xlwmywdmypfc9askqm9a05h,batch
bc1psepy6n596aa52gk904qlsetq92uhzmhzl9dl4ejh2frq3mtfdr3q25pgh3,batch
bc1ppq6hzl7euafennvzdyvcvg2kjvs23my20lygrkp26nk8r4gkre9scz09d0,batch
bc1pnkz7a5v6rjmztp7y307q2wh0r765ny463lf4em35skqr9gucsflqccl6uj,batch
bc1pea4dmggg7k8mzua9xht6jxp5w7wx098qpszh4u606e536zkn4acsk7zl67,batch
bc1pkmhm5xhmc44cut8sj9zy7vff3w4c7t7qa4q8hzzncmqclf8ct5xqra0krp,batch
bc1p6xm8338jzmyawjn4tqx4nmzmsqxc6h5hescmjm6jracwvfghughq0hw2z3,batch
bc1pvcfl78uyfpjtkpvqdynxf8q9nkqjma37parr470dxz2zjdh66c6q6agkvh,batch
bc1pnu8rfw65rrrw0qataxn5qtemxqst36u3d6cdzctduvqclsuxgs3svqgelh,batch
bc1pp26g2edkjupf060tre2n24yclntyw5hkym8nmzr0l3rg9aquyj7q4835tt,batch
bc1pfn2vudzcamn4plv2jzukq5j02gp82ju65wvecqxlwu3apndsylpq7xc8pt,batch
bc1pjnryvkv9dkzsdu9u2c78wce7xw25t682zatym7svqxlkqccp0u2s749y84,batch
bc1plgfs2zpztc7r7kym6jxqz5la7n0cus45zzg90tpr7xqqq7nrc47qpx890w,batch
bc1pu2uhma5e0z608y75x0g85cets8wh9yjzhfugsys9hsaem24rjaxs647kqe,batch
bc1pk2afmtm8g64jegaqrd4mjwkmzyccy8vtk48zs9tgsdg47dkqse2skeregw,batch
bc1phngps9hn4dq7hg0pcdjnpfgrcxdr6l425zm2mrt42en7sp3k309q925qt2,batch
bc1pzk96mffxlpet4d4w6gtpxe7vwausya98xsaylsasfqq2g8h9a8qs7adrew,batch
bc1pf6gqyw6lg8nznh4tgvq2t7sd6y6jqrz9djhtvxqm40ukskn7rq9sl9qjfa,batch
bc1phv54uuf9r3cxqhugl63amunxuc8t9rzfmakmpg5qv7tqcdeweahqaen85a,batch
bc1py90q0xx6qm4glqppqp44a2swuf6ju62s2jphrhtuzhwa358qu7nq4cfw4x,batch
bc1pmq7ql8thvrtrggptt8rgy4h9lcjux4ghhaqm8cs8akpujvp8sdnqgwnqsc,batch
bc1p035uwkjd08sm8st5vs82545mhpgtkxnvls6p4564t2ep0rhd257sfqmvm0,batch
bc1p7dvup6he02s90sju6l6kavxmwznkcyj86eyeq0yluhj0n29klq5q5gslpg,batch
bc1pp4cd5p6fw7ekqjnl8qt98xjge4zwmjqe946hecn9dav9khl226hqqcvjs7,batch
bc1p6k807kfzvvtfjtgyp9tx8fnva9qkrucw9xflzmajv08gkuxgldlq0r4v69,batch
bc1p9emdtuk3gcqxv220g5tmksmr7a9c4l4g4fm5y70aweskaucfa4zqc3ulhg,batch
bc1p6ht28fscj2m2ez8xpgt26ypp22h2u04jfmen53yd4gsf2wxuycvs3xmp2r,batch
bc1pspxktkh9cwrthd0dew33rahuw5n4q06akes780xfnx3gmvrvfnhq6xzjx0,batch
bc1p9vr7atx708vj52cnlvsrmms7zgyvvdt5yhlp3nc2qu36ytlklvnq7r7n5s,batch
bc1pjwz6lh7pwecd2ywnzlfc9u85hqv7u7dvmrth7mvx6y0783xn0z9se5fvj5,batch
